10/10/2023 16:04:08	This log contains information about the import schema operation into project 'RHDB' on computer 'DESKTOP-LUJDBMJ' by user 'pcjr2'.
10/10/2023 16:04:09	Import of database schema has started.
10/10/2023 16:04:15	Gathering database credentials
10/10/2023 16:04:15	Gathering database options
10/10/2023 16:04:15	Gathering generic database scoped configuration option
10/10/2023 16:04:15	Gathering users
10/10/2023 16:04:15	Gathering roles
10/10/2023 16:04:15	Gathering application roles
10/10/2023 16:04:15	Gathering role memberships
10/10/2023 16:04:15	Gathering filegroups
10/10/2023 16:04:15	Gathering full-text catalogs
10/10/2023 16:04:15	Gathering assemblies
10/10/2023 16:04:15	Gathering certificates
10/10/2023 16:04:15	Gathering asymmetric keys
10/10/2023 16:04:15	Gathering symmetric keys
10/10/2023 16:04:15	Gathering encrypted symmetric keys
10/10/2023 16:04:15	Gathering schemas
10/10/2023 16:04:15	Gathering XML schema collections
10/10/2023 16:04:15	Gathering user-defined data types
10/10/2023 16:04:15	Gathering user-defined types
10/10/2023 16:04:15	Gathering table types
10/10/2023 16:04:15	Gathering unique keys for table types
10/10/2023 16:04:15	Gathering primary keys for table types
10/10/2023 16:04:15	Gathering indexes for table types
10/10/2023 16:04:15	Gathering check constraints for table types
10/10/2023 16:04:15	Gathering default constraints for table types
10/10/2023 16:04:15	Gathering partition functions
10/10/2023 16:04:15	Gathering partition schemes
10/10/2023 16:04:15	Gathering functions
10/10/2023 16:04:15	Gathering encrypted functions
10/10/2023 16:04:15	Gathering aggregates
10/10/2023 16:04:15	Gathering procedures
10/10/2023 16:04:15	Gathering encrypted procedures
10/10/2023 16:04:15	Gathering tables
10/10/2023 16:04:15	Gathering primary keys
10/10/2023 16:04:15	Gathering unique constraints
10/10/2023 16:04:15	Gathering foreign keys
10/10/2023 16:04:15	Gathering default constraints
10/10/2023 16:04:15	Gathering check constraints
10/10/2023 16:04:15	Gathering views
10/10/2023 16:04:15	Gathering encrypted views
10/10/2023 16:04:15	Gathering indexes
10/10/2023 16:04:15	Gathering statistics
10/10/2023 16:04:15	Gathering full-text index stoplists
10/10/2023 16:04:15	Gathering search property lists
10/10/2023 16:04:15	Gathering search properties
10/10/2023 16:04:15	Gathering full-text indexes
10/10/2023 16:04:15	Gathering column store indexes
10/10/2023 16:04:15	Gathering spatial indexes
10/10/2023 16:04:15	Gathering XML indexes
10/10/2023 16:04:15	Gathering Selective XML indexes
10/10/2023 16:04:15	Gathering encrypted triggers
10/10/2023 16:04:15	Gathering triggers
10/10/2023 16:04:15	Gathering encrypted and clr ddl triggers
10/10/2023 16:04:15	Gathering ddl triggers
10/10/2023 16:04:15	Creating edge constraints
10/10/2023 16:04:15	Gathering synonyms
10/10/2023 16:04:15	Gathering defaults
10/10/2023 16:04:15	Gathering data constraint uddt bindings
10/10/2023 16:04:15	Gathering rules
10/10/2023 16:04:15	Gathering data constraint uddt bindings
10/10/2023 16:04:15	Gathering message types
10/10/2023 16:04:15	Gathering queues
10/10/2023 16:04:15	Gathering contracts
10/10/2023 16:04:15	Gathering services
10/10/2023 16:04:15	Gathering event notifications
10/10/2023 16:04:15	Gathering remote service bindings
10/10/2023 16:04:15	Gathering broker priorities
10/10/2023 16:04:15	Gathering signatures
10/10/2023 16:04:15	Gathering data compression options
10/10/2023 16:04:15	Gathering sequence types
10/10/2023 16:04:15	Gathering security policies
10/10/2023 16:04:15	Gather column encryption keys
10/10/2023 16:04:15	Gathering column master keys
10/10/2023 16:04:15	Gathering external data sources
10/10/2023 16:04:15	Gathering external file formats
10/10/2023 16:04:15	Gathering external tables
10/10/2023 16:04:15	Gathering extended properties
10/10/2023 16:04:15	Gathering assemblies
10/10/2023 16:04:16	Gathering credentials
10/10/2023 16:04:16	Gathering logins
10/10/2023 16:04:16	Gathering server audits
10/10/2023 16:04:16	Scanning project for duplicate elements
10/10/2023 16:04:16	Finished duplicate element processing
10/10/2023 16:04:16	Finished importing database.
10/10/2023 16:04:16	A summary of the import was saved to the following location: D:\Códigos\RHSolutionsDesktop\RHSolutions\RHDB\Import Schema Logs\RHDB_20231010070408.log
10/10/2023 16:04:16	Click Finish to continue...
