31/10/2023 12:44:57	This log contains information about the import schema operation into project 'RHSOLUTIONSBD' on computer 'DESKTOP-LUJDBMJ' by user 'pcjr2'.
31/10/2023 12:44:57	Import of database schema has started.
31/10/2023 12:45:04	Gathering database credentials
31/10/2023 12:45:04	Gathering database options
31/10/2023 12:45:04	Gathering generic database scoped configuration option
31/10/2023 12:45:04	Gathering users
31/10/2023 12:45:04	Gathering roles
31/10/2023 12:45:04	Gathering application roles
31/10/2023 12:45:04	Gathering role memberships
31/10/2023 12:45:04	Gathering filegroups
31/10/2023 12:45:04	Gathering full-text catalogs
31/10/2023 12:45:04	Gathering assemblies
31/10/2023 12:45:04	Gathering certificates
31/10/2023 12:45:04	Gathering asymmetric keys
31/10/2023 12:45:04	Gathering symmetric keys
31/10/2023 12:45:04	Gathering encrypted symmetric keys
31/10/2023 12:45:04	Gathering schemas
31/10/2023 12:45:04	Gathering XML schema collections
31/10/2023 12:45:04	Gathering user-defined data types
31/10/2023 12:45:04	Gathering user-defined types
31/10/2023 12:45:04	Gathering table types
31/10/2023 12:45:04	Gathering unique keys for table types
31/10/2023 12:45:04	Gathering primary keys for table types
31/10/2023 12:45:04	Gathering indexes for table types
31/10/2023 12:45:04	Gathering check constraints for table types
31/10/2023 12:45:04	Gathering default constraints for table types
31/10/2023 12:45:04	Gathering partition functions
31/10/2023 12:45:04	Gathering partition schemes
31/10/2023 12:45:04	Gathering functions
31/10/2023 12:45:04	Gathering encrypted functions
31/10/2023 12:45:04	Gathering aggregates
31/10/2023 12:45:04	Gathering procedures
31/10/2023 12:45:04	Gathering encrypted procedures
31/10/2023 12:45:04	Gathering tables
31/10/2023 12:45:04	Gathering primary keys
31/10/2023 12:45:04	Gathering unique constraints
31/10/2023 12:45:04	Gathering foreign keys
31/10/2023 12:45:04	Gathering default constraints
31/10/2023 12:45:04	Gathering check constraints
31/10/2023 12:45:04	Gathering views
31/10/2023 12:45:04	Gathering encrypted views
31/10/2023 12:45:04	Gathering indexes
31/10/2023 12:45:04	Gathering statistics
31/10/2023 12:45:04	Gathering full-text index stoplists
31/10/2023 12:45:04	Gathering search property lists
31/10/2023 12:45:04	Gathering search properties
31/10/2023 12:45:04	Gathering full-text indexes
31/10/2023 12:45:04	Gathering column store indexes
31/10/2023 12:45:04	Gathering spatial indexes
31/10/2023 12:45:04	Gathering XML indexes
31/10/2023 12:45:04	Gathering Selective XML indexes
31/10/2023 12:45:04	Gathering encrypted triggers
31/10/2023 12:45:04	Gathering triggers
31/10/2023 12:45:04	Gathering encrypted and clr ddl triggers
31/10/2023 12:45:04	Gathering ddl triggers
31/10/2023 12:45:04	Creating edge constraints
31/10/2023 12:45:04	Gathering synonyms
31/10/2023 12:45:04	Gathering defaults
31/10/2023 12:45:04	Gathering data constraint uddt bindings
31/10/2023 12:45:04	Gathering rules
31/10/2023 12:45:04	Gathering data constraint uddt bindings
31/10/2023 12:45:04	Gathering message types
31/10/2023 12:45:04	Gathering queues
31/10/2023 12:45:04	Gathering contracts
31/10/2023 12:45:04	Gathering services
31/10/2023 12:45:04	Gathering event notifications
31/10/2023 12:45:04	Gathering remote service bindings
31/10/2023 12:45:04	Gathering broker priorities
31/10/2023 12:45:04	Gathering signatures
31/10/2023 12:45:04	Gathering data compression options
31/10/2023 12:45:04	Gathering sequence types
31/10/2023 12:45:04	Gathering security policies
31/10/2023 12:45:04	Gather column encryption keys
31/10/2023 12:45:04	Gathering column master keys
31/10/2023 12:45:04	Gathering external data sources
31/10/2023 12:45:04	Gathering external file formats
31/10/2023 12:45:04	Gathering external tables
31/10/2023 12:45:04	Gathering extended properties
31/10/2023 12:45:04	Gathering assemblies
31/10/2023 12:45:04	Gathering credentials
31/10/2023 12:45:04	Gathering logins
31/10/2023 12:45:04	Gathering server audits
31/10/2023 12:45:05	Scanning project for duplicate elements
31/10/2023 12:45:05	Finished duplicate element processing
31/10/2023 12:45:05	Finished importing database.
31/10/2023 12:45:05	A summary of the import was saved to the following location: D:\Códigos\RHSolutionsDesktop\RHSolutions\RHSOLUTIONSBD\Import Schema Logs\RHSOLUTIONSBD_20231031034457.log
31/10/2023 12:45:05	Click Finish to continue...
